<?xml version="1.0" encoding="UTF-8"?>
<!-- Generated by org.testng.reporters.JUnitXMLReporter -->
<testsuite ignored="9" hostname="DESKTOP-N01EJ8M" failures="0" tests="1" name="Default test" time="20.0" errors="0" timestamp="2023-01-22T18:01:02 IST">
  <testcase classname="Deepa_Jewellers1122.EndtoEndtest" name="ContactUs_Detailsfill" time="5.472"/>
  <testcase classname="Deepa_Jewellers1122.EndtoEndtest" name="logo_footer" time="0.0">
    <ignored/>
  </testcase> <!-- logo_footer -->
  <testcase classname="Deepa_Jewellers1122.EndtoEndtest" name="logo_nav" time="0.0">
    <ignored/>
  </testcase> <!-- logo_nav -->
  <testcase classname="Deepa_Jewellers1122.EndtoEndtest" name="ContactUs_Page" time="0.0">
    <ignored/>
  </testcase> <!-- ContactUs_Page -->
  <testcase classname="Deepa_Jewellers1122.EndtoEndtest" name="Enter_email" time="0.0">
    <ignored/>
  </testcase> <!-- Enter_email -->
  <testcase classname="Deepa_Jewellers1122.EndtoEndtest" name="next_button" time="0.0">
    <ignored/>
  </testcase> <!-- next_button -->
  <testcase classname="Deepa_Jewellers1122.EndtoEndtest" name="aboutus_page" time="0.0">
    <ignored/>
  </testcase> <!-- aboutus_page -->
  <testcase classname="Deepa_Jewellers1122.EndtoEndtest" name="Events_page" time="0.0">
    <ignored/>
  </testcase> <!-- Events_page -->
  <testcase classname="Deepa_Jewellers1122.EndtoEndtest" name="Design_Gallery" time="0.0">
    <ignored/>
  </testcase> <!-- Design_Gallery -->
  <testcase classname="Deepa_Jewellers1122.EndtoEndtest" name="Blogs_Page" time="0.0">
    <ignored/>
  </testcase> <!-- Blogs_Page -->
</testsuite> <!-- Default test -->
