<?xml version="1.0" encoding="UTF-8"?>
<testng-results ignored="9" total="10" passed="1" failed="0" skipped="0">
  <reporter-output>
  </reporter-output>
  <suite started-at="2023-01-22T18:00:42 IST" name="Default suite" finished-at="2023-01-22T18:01:02 IST" duration-ms="20000">
    <groups>
    </groups>
    <test started-at="2023-01-22T18:00:42 IST" name="Default test" finished-at="2023-01-22T18:01:02 IST" duration-ms="20000">
      <class name="Deepa_Jewellers1122.EndtoEndtest">
        <test-method is-config="true" signature="beforeTest()[pri:0, instance:Deepa_Jewellers1122.EndtoEndtest@5ffead27]" started-at="2023-01-22T18:00:42 IST" name="beforeTest" finished-at="2023-01-22T18:00:56 IST" duration-ms="14111" status="PASS">
          <reporter-output>
          </reporter-output>
        </test-method> <!-- beforeTest -->
        <test-method signature="ContactUs_Detailsfill()[pri:9, instance:Deepa_Jewellers1122.EndtoEndtest@5ffead27]" started-at="2023-01-22T18:00:56 IST" name="ContactUs_Detailsfill" finished-at="2023-01-22T18:01:02 IST" duration-ms="5472" status="PASS">
          <reporter-output>
          </reporter-output>
        </test-method> <!-- ContactUs_Detailsfill -->
        <test-method is-config="true" signature="afterTest()[pri:0, instance:Deepa_Jewellers1122.EndtoEndtest@5ffead27]" started-at="2023-01-22T18:01:02 IST" name="afterTest" finished-at="2023-01-22T18:01:02 IST" duration-ms="337" status="PASS">
          <reporter-output>
          </reporter-output>
        </test-method> <!-- afterTest -->
      </class> <!-- Deepa_Jewellers1122.EndtoEndtest -->
    </test> <!-- Default test -->
  </suite> <!-- Default suite -->
</testng-results>
